<?xml version="1.0" encoding="UTF-8"?>
<!-- Generated by org.testng.reporters.JUnitXMLReporter -->
<testsuite hostname="A1ML14663" ignored="1" name="Default test" tests="2" failures="0" timestamp="13 Apr 2017 06:37:41 GMT" time="45.556" errors="0">
  <testcase name="usersignIntest" time="9.351" classname="com.selenium.learning.TescCasesTest"/>
  <testcase name="registrationForm" time="5.804" classname="com.selenium.learning.TescCasesTest"/>
  <testcase name="registration" time="0.0" classname="com.selenium.learning.TescCasesTest">
    <ignored/>
  </testcase> <!-- registration -->
</testsuite> <!-- Default test -->
