<?xml version="1.0" encoding="UTF-8"?>
<testng-results skipped="0" failed="0" ignored="0" total="1" passed="1">
  <reporter-output>
  </reporter-output>
  <suite name="Default suite" duration-ms="64064" started-at="2017-04-06T11:26:13Z" finished-at="2017-04-06T11:27:17Z">
    <groups>
    </groups>
    <test name="Default test" duration-ms="64064" started-at="2017-04-06T11:26:13Z" finished-at="2017-04-06T11:27:17Z">
      <class name="com.selenium.learning.TescCasesTest">
        <test-method status="PASS" signature="openBrowser()[pri:0, instance:com.selenium.learning.TescCasesTest@3532ec19]" name="openBrowser" is-config="true" duration-ms="58535" started-at="2017-04-06T16:56:13Z" finished-at="2017-04-06T16:57:11Z">
          <reporter-output>
          </reporter-output>
        </test-method> <!-- openBrowser -->
        <test-method status="PASS" signature="registration()[pri:0, instance:com.selenium.learning.TescCasesTest@3532ec19]" name="registration" duration-ms="5448" started-at="2017-04-06T16:57:11Z" finished-at="2017-04-06T16:57:17Z">
          <reporter-output>
          </reporter-output>
        </test-method> <!-- registration -->
      </class> <!-- com.selenium.learning.TescCasesTest -->
    </test> <!-- Default test -->
  </suite> <!-- Default suite -->
</testng-results>
